mode: set
bengcall/features/service/services/services.go:15.49,19.2 1 1
bengcall/features/service/services/services.go:21.74,23.16 2 1
bengcall/features/service/services/services.go:33.2,33.17 1 1
bengcall/features/service/services/services.go:23.16,25.45 2 1
bengcall/features/service/services/services.go:25.45,27.4 1 1
bengcall/features/service/services/services.go:27.9,27.52 1 1
bengcall/features/service/services/services.go:27.52,29.4 1 1
bengcall/features/service/services/services.go:29.9,29.49 1 1
bengcall/features/service/services/services.go:29.49,31.4 1 1
bengcall/features/service/services/services.go:36.80,38.16 2 1
bengcall/features/service/services/services.go:45.2,45.17 1 1
bengcall/features/service/services/services.go:38.16,39.49 1 1
bengcall/features/service/services/services.go:42.3,42.63 1 1
bengcall/features/service/services/services.go:39.49,41.4 1 1
bengcall/features/service/services/services.go:48.46,50.16 2 1
bengcall/features/service/services/services.go:57.2,57.12 1 1
bengcall/features/service/services/services.go:50.16,51.45 1 1
bengcall/features/service/services/services.go:51.45,53.4 1 1
bengcall/features/service/services/services.go:53.9,53.52 1 1
bengcall/features/service/services/services.go:53.52,55.4 1 1
bengcall/features/vehicle/services/services.go:17.49,21.2 1 1
bengcall/features/vehicle/services/services.go:23.95,25.16 2 1
bengcall/features/vehicle/services/services.go:28.2,28.22 1 1
bengcall/features/vehicle/services/services.go:25.16,27.3 1 1
bengcall/features/vehicle/services/services.go:32.94,34.16 2 1
bengcall/features/vehicle/services/services.go:42.2,42.17 1 1
bengcall/features/vehicle/services/services.go:34.16,35.49 1 1
bengcall/features/vehicle/services/services.go:39.3,39.70 1 1
bengcall/features/vehicle/services/services.go:35.49,37.4 1 1
bengcall/features/vehicle/services/services.go:46.85,48.35 2 1
bengcall/features/vehicle/services/services.go:55.2,55.17 1 1
bengcall/features/vehicle/services/services.go:48.35,51.3 2 1
bengcall/features/vehicle/services/services.go:51.8,51.23 1 1
bengcall/features/vehicle/services/services.go:51.23,54.3 2 1
bengcall/features/vehicle/services/services.go:59.70,61.35 2 1
bengcall/features/vehicle/services/services.go:69.2,69.19 1 1
bengcall/features/vehicle/services/services.go:74.2,74.17 1 1
bengcall/features/vehicle/services/services.go:61.35,64.3 2 1
bengcall/features/vehicle/services/services.go:64.8,64.23 1 1
bengcall/features/vehicle/services/services.go:64.23,67.3 2 1
bengcall/features/vehicle/services/services.go:69.19,72.3 2 0
bengcall/features/user/services/services.go:24.74,29.2 1 1
bengcall/features/user/services/services.go:32.73,34.35 2 1
bengcall/features/user/services/services.go:41.2,41.17 1 1
bengcall/features/user/services/services.go:34.35,37.3 2 0
bengcall/features/user/services/services.go:37.8,37.23 1 1
bengcall/features/user/services/services.go:37.23,40.3 2 1
bengcall/features/user/services/services.go:45.82,49.16 3 1
bengcall/features/user/services/services.go:49.16,51.45 2 1
bengcall/features/user/services/services.go:56.3,56.58 1 1
bengcall/features/user/services/services.go:51.45,53.4 1 1
bengcall/features/user/services/services.go:53.9,53.52 1 1
bengcall/features/user/services/services.go:53.52,55.4 1 1
bengcall/features/user/services/services.go:57.8,58.18 1 1
bengcall/features/user/services/services.go:61.3,62.17 2 0
bengcall/features/user/services/services.go:66.3,66.18 1 0
bengcall/features/user/services/services.go:58.18,60.4 1 1
bengcall/features/user/services/services.go:62.17,65.4 2 0
bengcall/features/user/services/services.go:72.72,74.16 2 1
bengcall/features/user/services/services.go:81.2,81.17 1 1
bengcall/features/user/services/services.go:74.16,75.45 1 1
bengcall/features/user/services/services.go:75.45,77.4 1 1
bengcall/features/user/services/services.go:77.9,77.52 1 1
bengcall/features/user/services/services.go:77.52,79.4 1 1
bengcall/features/user/services/services.go:85.83,88.16 3 1
bengcall/features/user/services/services.go:88.16,90.45 1 1
bengcall/features/user/services/services.go:90.45,93.4 2 0
bengcall/features/user/services/services.go:93.9,95.4 1 1
bengcall/features/user/services/services.go:96.8,99.17 2 1
bengcall/features/user/services/services.go:104.3,109.17 6 1
bengcall/features/user/services/services.go:115.3,116.18 2 1
bengcall/features/user/services/services.go:99.17,102.4 2 0
bengcall/features/user/services/services.go:109.17,110.50 1 0
bengcall/features/user/services/services.go:113.4,113.68 1 0
bengcall/features/user/services/services.go:110.50,112.5 1 0
bengcall/features/user/services/services.go:122.160,123.32 1 1
bengcall/features/user/services/services.go:141.2,141.29 1 1
bengcall/features/user/services/services.go:151.2,151.32 1 1
bengcall/features/user/services/services.go:163.2,163.23 1 1
bengcall/features/user/services/services.go:171.2,172.16 2 1
bengcall/features/user/services/services.go:179.2,179.17 1 1
bengcall/features/user/services/services.go:123.32,127.17 4 1
bengcall/features/user/services/services.go:127.17,130.4 2 1
bengcall/features/user/services/services.go:130.9,132.18 2 0
bengcall/features/user/services/services.go:132.18,135.5 2 0
bengcall/features/user/services/services.go:135.10,137.5 1 0
bengcall/features/user/services/services.go:141.29,145.17 4 0
bengcall/features/user/services/services.go:145.17,148.4 2 0
bengcall/features/user/services/services.go:151.32,156.17 4 0
bengcall/features/user/services/services.go:156.17,159.4 2 0
bengcall/features/user/services/services.go:163.23,165.17 2 0
bengcall/features/user/services/services.go:168.3,168.27 1 0
bengcall/features/user/services/services.go:165.17,167.4 1 0
bengcall/features/user/services/services.go:172.16,173.46 1 1
bengcall/features/user/services/services.go:176.3,176.67 1 1
bengcall/features/user/services/services.go:173.46,175.4 1 0
bengcall/features/transaction/services/services.go:25.49,29.2 1 1
bengcall/features/transaction/services/services.go:31.136,40.16 8 1
bengcall/features/transaction/services/services.go:47.2,88.16 10 0
bengcall/features/transaction/services/services.go:92.2,95.16 3 0
bengcall/features/transaction/services/services.go:100.2,102.16 3 0
bengcall/features/transaction/services/services.go:106.2,108.17 2 0
bengcall/features/transaction/services/services.go:40.16,41.49 1 1
bengcall/features/transaction/services/services.go:44.3,44.76 1 1
bengcall/features/transaction/services/services.go:41.49,43.4 1 1
bengcall/features/transaction/services/services.go:88.16,91.3 1 0
bengcall/features/transaction/services/services.go:95.16,98.3 1 0
bengcall/features/transaction/services/services.go:102.16,105.3 1 0
bengcall/features/transaction/services/services.go:111.54,114.16 2 1
bengcall/features/transaction/services/services.go:121.2,121.12 1 1
bengcall/features/transaction/services/services.go:114.16,115.49 1 1
bengcall/features/transaction/services/services.go:118.3,118.48 1 1
bengcall/features/transaction/services/services.go:115.49,117.4 1 1
bengcall/features/transaction/services/services.go:124.114,127.16 2 1
bengcall/features/transaction/services/services.go:134.2,134.17 1 1
bengcall/features/transaction/services/services.go:127.16,128.49 1 1
bengcall/features/transaction/services/services.go:131.3,131.74 1 1
bengcall/features/transaction/services/services.go:128.49,130.4 1 1
bengcall/features/transaction/services/services.go:137.115,140.16 2 1
bengcall/features/transaction/services/services.go:149.2,149.17 1 1
bengcall/features/transaction/services/services.go:140.16,141.49 1 1
bengcall/features/transaction/services/services.go:146.3,146.74 1 1
bengcall/features/transaction/services/services.go:141.49,143.4 1 1
bengcall/features/transaction/services/services.go:143.9,143.49 1 1
bengcall/features/transaction/services/services.go:143.49,145.4 1 1
bengcall/features/transaction/services/services.go:152.70,154.16 2 1
bengcall/features/transaction/services/services.go:163.2,163.17 1 1
bengcall/features/transaction/services/services.go:154.16,156.45 2 1
bengcall/features/transaction/services/services.go:156.45,158.4 1 1
bengcall/features/transaction/services/services.go:158.9,158.52 1 1
bengcall/features/transaction/services/services.go:158.52,160.4 1 1
bengcall/features/transaction/services/services.go:166.89,168.16 2 1
bengcall/features/transaction/services/services.go:176.2,176.17 1 1
bengcall/features/transaction/services/services.go:168.16,170.45 2 1
bengcall/features/transaction/services/services.go:170.45,172.4 1 1
bengcall/features/transaction/services/services.go:172.9,172.52 1 1
bengcall/features/transaction/services/services.go:172.52,174.4 1 1
bengcall/features/transaction/services/services.go:179.82,181.16 2 1
bengcall/features/transaction/services/services.go:189.2,189.17 1 1
bengcall/features/transaction/services/services.go:181.16,183.45 2 1
bengcall/features/transaction/services/services.go:183.45,185.4 1 1
bengcall/features/transaction/services/services.go:185.9,185.52 1 1
bengcall/features/transaction/services/services.go:185.52,187.4 1 1
bengcall/features/transaction/services/services.go:192.103,194.16 2 1
bengcall/features/transaction/services/services.go:203.2,203.22 1 1
bengcall/features/transaction/services/services.go:194.16,196.45 2 1
bengcall/features/transaction/services/services.go:196.45,198.4 1 1
bengcall/features/transaction/services/services.go:198.9,198.52 1 1
bengcall/features/transaction/services/services.go:198.52,200.4 1 1
bengcall/features/transaction/services/services.go:206.53,208.16 2 1
bengcall/features/transaction/services/services.go:215.2,215.12 1 1
bengcall/features/transaction/services/services.go:208.16,209.45 1 1
bengcall/features/transaction/services/services.go:209.45,211.4 1 1
bengcall/features/transaction/services/services.go:211.9,211.52 1 1
bengcall/features/transaction/services/services.go:211.52,213.4 1 1
