mode: set
bengcall/features/service/services/services.go:15.49,19.2 1 1
bengcall/features/service/services/services.go:21.74,23.16 2 1
bengcall/features/service/services/services.go:33.2,33.17 1 1
bengcall/features/service/services/services.go:23.16,25.45 2 1
bengcall/features/service/services/services.go:25.45,27.4 1 1
bengcall/features/service/services/services.go:27.9,27.52 1 1
bengcall/features/service/services/services.go:27.52,29.4 1 1
bengcall/features/service/services/services.go:29.9,29.49 1 1
bengcall/features/service/services/services.go:29.49,31.4 1 1
bengcall/features/service/services/services.go:36.80,38.16 2 1
bengcall/features/service/services/services.go:45.2,45.17 1 1
bengcall/features/service/services/services.go:38.16,39.49 1 1
bengcall/features/service/services/services.go:42.3,42.63 1 1
bengcall/features/service/services/services.go:39.49,41.4 1 1
bengcall/features/service/services/services.go:48.46,50.16 2 1
bengcall/features/service/services/services.go:57.2,57.12 1 1
bengcall/features/service/services/services.go:50.16,51.45 1 1
bengcall/features/service/services/services.go:51.45,53.4 1 1
bengcall/features/service/services/services.go:53.9,53.52 1 1
bengcall/features/service/services/services.go:53.52,55.4 1 1
bengcall/features/vehicle/services/services.go:17.49,21.2 1 1
bengcall/features/vehicle/services/services.go:23.95,25.16 2 1
bengcall/features/vehicle/services/services.go:28.2,28.22 1 1
bengcall/features/vehicle/services/services.go:25.16,27.3 1 1
bengcall/features/vehicle/services/services.go:32.94,34.16 2 1
bengcall/features/vehicle/services/services.go:42.2,42.17 1 1
bengcall/features/vehicle/services/services.go:34.16,35.49 1 1
bengcall/features/vehicle/services/services.go:39.3,39.70 1 1
bengcall/features/vehicle/services/services.go:35.49,37.4 1 1
bengcall/features/vehicle/services/services.go:46.85,48.35 2 1
bengcall/features/vehicle/services/services.go:55.2,55.17 1 1
bengcall/features/vehicle/services/services.go:48.35,51.3 2 1
bengcall/features/vehicle/services/services.go:51.8,51.23 1 1
bengcall/features/vehicle/services/services.go:51.23,54.3 2 1
bengcall/features/vehicle/services/services.go:59.70,61.35 2 1
bengcall/features/vehicle/services/services.go:69.2,69.19 1 1
bengcall/features/vehicle/services/services.go:74.2,74.17 1 1
bengcall/features/vehicle/services/services.go:61.35,64.3 2 1
bengcall/features/vehicle/services/services.go:64.8,64.23 1 1
bengcall/features/vehicle/services/services.go:64.23,67.3 2 1
bengcall/features/vehicle/services/services.go:69.19,72.3 2 0
